0 verbose cli C:\Program Files\nodejs\node.exe C:\Program Files\nodejs\node_modules\npm\bin\npm-cli.js
1 info using npm@10.9.3
2 info using node@v22.19.0
3 silly config load:file:C:\Program Files\nodejs\node_modules\npm\npmrc
4 silly config load:file:C:\repo\Food_Bridge\FoodBridge\.npmrc
5 silly config load:file:C:\Users\Victus\.npmrc
6 silly config load:file:C:\Users\Victus\AppData\Roaming\npm\etc\npmrc
7 verbose title npm install bcryptjs zod
8 verbose argv "install" "bcryptjs" "zod" "--workspace" "frontend" "--cache" ".npm-cache" "--no-audit" "--no-fund"
9 verbose logfile logs-max:10 dir:C:\repo\Food_Bridge\FoodBridge\.npm-cache\_logs\2026-03-16T14_50_36_934Z-
10 verbose logfile C:\repo\Food_Bridge\FoodBridge\.npm-cache\_logs\2026-03-16T14_50_36_934Z-debug-0.log
11 silly logfile done cleaning log files
12 silly packumentCache heap:4345298944 maxSize:1086324736 maxEntrySize:543162368
13 verbose shrinkwrap failed to load node_modules/.package-lock.json out of date, updated: node_modules/prisma
14 silly idealTree buildDeps
15 silly fetch manifest bcryptjs@*
16 silly packumentCache full:https://registry.npmjs.org/bcryptjs cache-miss
17 http fetch GET 200 https://registry.npmjs.org/bcryptjs 561ms (cache miss)
18 silly packumentCache full:https://registry.npmjs.org/bcryptjs set size:undefined disposed:false
19 silly fetch manifest zod@*
20 silly packumentCache full:https://registry.npmjs.org/zod cache-miss
21 http fetch GET 200 https://registry.npmjs.org/zod 171ms (cache miss)
22 silly packumentCache full:https://registry.npmjs.org/zod set size:undefined disposed:false
23 silly placeDep ROOT bcryptjs@3.0.3 OK for: foodbridge-frontend@0.1.0 want: *
24 silly placeDep ROOT zod@4.3.6 REPLACE for: foodbridge-frontend@0.1.0 want: *
25 silly reify moves {}
26 verbose reify failed optional dependency C:\repo\Food_Bridge\FoodBridge\node_modules\fsevents
27 silly reify mark deleted [ 'C:\\repo\\Food_Bridge\\FoodBridge\\node_modules\\fsevents' ]
28 verbose reify failed optional dependency C:\repo\Food_Bridge\FoodBridge\node_modules\@unrs\resolver-binding-win32-ia32-msvc
29 silly reify mark deleted [
29 silly reify   'C:\\repo\\Food_Bridge\\FoodBridge\\node_modules\\@unrs\\resolver-binding-win32-ia32-msvc'
29 silly reify ]
30 verbose reify failed optional dependency C:\repo\Food_Bridge\FoodBridge\node_modules\@unrs\resolver-binding-win32-arm64-msvc
31 silly reify mark deleted [
31 silly reify   'C:\\repo\\Food_Bridge\\FoodBridge\\node_modules\\@unrs\\resolver-binding-win32-arm64-msvc'
31 silly reify ]
32 verbose reify failed optional dependency C:\repo\Food_Bridge\FoodBridge\node_modules\@unrs\resolver-binding-wasm32-wasi
33 silly reify mark deleted [
33 silly reify   'C:\\repo\\Food_Bridge\\FoodBridge\\node_modules\\@unrs\\resolver-binding-wasm32-wasi'
33 silly reify ]
34 verbose reify failed optional dependency C:\repo\Food_Bridge\FoodBridge\node_modules\@napi-rs\wasm-runtime
35 silly reify mark deleted [
35 silly reify   'C:\\repo\\Food_Bridge\\FoodBridge\\node_modules\\@napi-rs\\wasm-runtime'
35 silly reify ]
36 verbose reify failed optional dependency C:\repo\Food_Bridge\FoodBridge\node_modules\@emnapi\core
37 silly reify mark deleted [ 'C:\\repo\\Food_Bridge\\FoodBridge\\node_modules\\@emnapi\\core' ]
38 verbose reify failed optional dependency C:\repo\Food_Bridge\FoodBridge\node_modules\@emnapi\runtime
39 silly reify mark deleted [ 'C:\\repo\\Food_Bridge\\FoodBridge\\node_modules\\@emnapi\\runtime' ]
40 verbose reify failed optional dependency C:\repo\Food_Bridge\FoodBridge\node_modules\@tybys\wasm-util
41 silly reify mark deleted [
41 silly reify   'C:\\repo\\Food_Bridge\\FoodBridge\\node_modules\\@tybys\\wasm-util'
41 silly reify ]
42 verbose reify failed optional dependency C:\repo\Food_Bridge\FoodBridge\node_modules\@emnapi\wasi-threads
43 silly reify mark deleted [
43 silly reify   'C:\\repo\\Food_Bridge\\FoodBridge\\node_modules\\@emnapi\\wasi-threads'
43 silly reify ]
44 verbose reify failed optional dependency C:\repo\Food_Bridge\FoodBridge\node_modules\@unrs\resolver-binding-linux-x64-musl
45 silly reify mark deleted [
45 silly reify   'C:\\repo\\Food_Bridge\\FoodBridge\\node_modules\\@unrs\\resolver-binding-linux-x64-musl'
45 silly reify ]
46 verbose reify failed optional dependency C:\repo\Food_Bridge\FoodBridge\node_modules\@unrs\resolver-binding-linux-x64-gnu
47 silly reify mark deleted [
47 silly reify   'C:\\repo\\Food_Bridge\\FoodBridge\\node_modules\\@unrs\\resolver-binding-linux-x64-gnu'
47 silly reify ]
48 verbose reify failed optional dependency C:\repo\Food_Bridge\FoodBridge\node_modules\@unrs\resolver-binding-linux-s390x-gnu
49 silly reify mark deleted [
49 silly reify   'C:\\repo\\Food_Bridge\\FoodBridge\\node_modules\\@unrs\\resolver-binding-linux-s390x-gnu'
49 silly reify ]
50 verbose reify failed optional dependency C:\repo\Food_Bridge\FoodBridge\node_modules\@unrs\resolver-binding-linux-riscv64-musl
51 silly reify mark deleted [
51 silly reify   'C:\\repo\\Food_Bridge\\FoodBridge\\node_modules\\@unrs\\resolver-binding-linux-riscv64-musl'
51 silly reify ]
52 verbose reify failed optional dependency C:\repo\Food_Bridge\FoodBridge\node_modules\@unrs\resolver-binding-linux-riscv64-gnu
53 silly reify mark deleted [
53 silly reify   'C:\\repo\\Food_Bridge\\FoodBridge\\node_modules\\@unrs\\resolver-binding-linux-riscv64-gnu'
53 silly reify ]
54 verbose reify failed optional dependency C:\repo\Food_Bridge\FoodBridge\node_modules\@unrs\resolver-binding-linux-ppc64-gnu
55 silly reify mark deleted [
55 silly reify   'C:\\repo\\Food_Bridge\\FoodBridge\\node_modules\\@unrs\\resolver-binding-linux-ppc64-gnu'
55 silly reify ]
56 verbose reify failed optional dependency C:\repo\Food_Bridge\FoodBridge\node_modules\@unrs\resolver-binding-linux-arm64-musl
57 silly reify mark deleted [
57 silly reify   'C:\\repo\\Food_Bridge\\FoodBridge\\node_modules\\@unrs\\resolver-binding-linux-arm64-musl'
57 silly reify ]
58 verbose reify failed optional dependency C:\repo\Food_Bridge\FoodBridge\node_modules\@unrs\resolver-binding-linux-arm64-gnu
59 silly reify mark deleted [
59 silly reify   'C:\\repo\\Food_Bridge\\FoodBridge\\node_modules\\@unrs\\resolver-binding-linux-arm64-gnu'
59 silly reify ]
60 verbose reify failed optional dependency C:\repo\Food_Bridge\FoodBridge\node_modules\@unrs\resolver-binding-linux-arm-musleabihf
61 silly reify mark deleted [
61 silly reify   'C:\\repo\\Food_Bridge\\FoodBridge\\node_modules\\@unrs\\resolver-binding-linux-arm-musleabihf'
61 silly reify ]
62 verbose reify failed optional dependency C:\repo\Food_Bridge\FoodBridge\node_modules\@unrs\resolver-binding-linux-arm-gnueabihf
63 silly reify mark deleted [
63 silly reify   'C:\\repo\\Food_Bridge\\FoodBridge\\node_modules\\@unrs\\resolver-binding-linux-arm-gnueabihf'
63 silly reify ]
64 verbose reify failed optional dependency C:\repo\Food_Bridge\FoodBridge\node_modules\@unrs\resolver-binding-freebsd-x64
65 silly reify mark deleted [
65 silly reify   'C:\\repo\\Food_Bridge\\FoodBridge\\node_modules\\@unrs\\resolver-binding-freebsd-x64'
65 silly reify ]
66 verbose reify failed optional dependency C:\repo\Food_Bridge\FoodBridge\node_modules\@unrs\resolver-binding-darwin-x64
67 silly reify mark deleted [
67 silly reify   'C:\\repo\\Food_Bridge\\FoodBridge\\node_modules\\@unrs\\resolver-binding-darwin-x64'
67 silly reify ]
68 verbose reify failed optional dependency C:\repo\Food_Bridge\FoodBridge\node_modules\@unrs\resolver-binding-darwin-arm64
69 silly reify mark deleted [
69 silly reify   'C:\\repo\\Food_Bridge\\FoodBridge\\node_modules\\@unrs\\resolver-binding-darwin-arm64'
69 silly reify ]
70 verbose reify failed optional dependency C:\repo\Food_Bridge\FoodBridge\node_modules\@unrs\resolver-binding-android-arm64
71 silly reify mark deleted [
71 silly reify   'C:\\repo\\Food_Bridge\\FoodBridge\\node_modules\\@unrs\\resolver-binding-android-arm64'
71 silly reify ]
72 verbose reify failed optional dependency C:\repo\Food_Bridge\FoodBridge\node_modules\@unrs\resolver-binding-android-arm-eabi
73 silly reify mark deleted [
73 silly reify   'C:\\repo\\Food_Bridge\\FoodBridge\\node_modules\\@unrs\\resolver-binding-android-arm-eabi'
73 silly reify ]
74 verbose reify failed optional dependency C:\repo\Food_Bridge\FoodBridge\node_modules\@next\swc-win32-ia32-msvc
75 silly reify mark deleted [
75 silly reify   'C:\\repo\\Food_Bridge\\FoodBridge\\node_modules\\@next\\swc-win32-ia32-msvc'
75 silly reify ]
76 verbose reify failed optional dependency C:\repo\Food_Bridge\FoodBridge\node_modules\@next\swc-win32-arm64-msvc
77 silly reify mark deleted [
77 silly reify   'C:\\repo\\Food_Bridge\\FoodBridge\\node_modules\\@next\\swc-win32-arm64-msvc'
77 silly reify ]
78 verbose reify failed optional dependency C:\repo\Food_Bridge\FoodBridge\node_modules\@next\swc-linux-x64-musl
79 silly reify mark deleted [
79 silly reify   'C:\\repo\\Food_Bridge\\FoodBridge\\node_modules\\@next\\swc-linux-x64-musl'
79 silly reify ]
80 verbose reify failed optional dependency C:\repo\Food_Bridge\FoodBridge\node_modules\@next\swc-linux-x64-gnu
81 silly reify mark deleted [
81 silly reify   'C:\\repo\\Food_Bridge\\FoodBridge\\node_modules\\@next\\swc-linux-x64-gnu'
81 silly reify ]
82 verbose reify failed optional dependency C:\repo\Food_Bridge\FoodBridge\node_modules\@next\swc-linux-arm64-musl
83 silly reify mark deleted [
83 silly reify   'C:\\repo\\Food_Bridge\\FoodBridge\\node_modules\\@next\\swc-linux-arm64-musl'
83 silly reify ]
84 verbose reify failed optional dependency C:\repo\Food_Bridge\FoodBridge\node_modules\@next\swc-linux-arm64-gnu
85 silly reify mark deleted [
85 silly reify   'C:\\repo\\Food_Bridge\\FoodBridge\\node_modules\\@next\\swc-linux-arm64-gnu'
85 silly reify ]
86 verbose reify failed optional dependency C:\repo\Food_Bridge\FoodBridge\node_modules\@next\swc-darwin-x64
87 silly reify mark deleted [
87 silly reify   'C:\\repo\\Food_Bridge\\FoodBridge\\node_modules\\@next\\swc-darwin-x64'
87 silly reify ]
88 verbose reify failed optional dependency C:\repo\Food_Bridge\FoodBridge\node_modules\@next\swc-darwin-arm64
89 silly reify mark deleted [
89 silly reify   'C:\\repo\\Food_Bridge\\FoodBridge\\node_modules\\@next\\swc-darwin-arm64'
89 silly reify ]
90 http cache @napi-rs/wasm-runtime@https://registry.npmjs.org/@napi-rs/wasm-runtime/-/wasm-runtime-0.2.12.tgz 0ms (cache hit)
91 http cache @tybys/wasm-util@https://registry.npmjs.org/@tybys/wasm-util/-/wasm-util-0.10.1.tgz 0ms (cache hit)
92 http cache bcryptjs@https://registry.npmjs.org/bcryptjs/-/bcryptjs-3.0.3.tgz 0ms (cache hit)
93 silly tarball no local data for @napi-rs/wasm-runtime@https://registry.npmjs.org/@napi-rs/wasm-runtime/-/wasm-runtime-0.2.12.tgz. Extracting by manifest.
94 silly tarball no local data for @tybys/wasm-util@https://registry.npmjs.org/@tybys/wasm-util/-/wasm-util-0.10.1.tgz. Extracting by manifest.
95 silly tarball no local data for bcryptjs@https://registry.npmjs.org/bcryptjs/-/bcryptjs-3.0.3.tgz. Extracting by manifest.
96 http cache @emnapi/runtime@https://registry.npmjs.org/@emnapi/runtime/-/runtime-1.8.1.tgz 0ms (cache hit)
97 http cache @emnapi/core@https://registry.npmjs.org/@emnapi/core/-/core-1.8.1.tgz 0ms (cache hit)
98 http cache @emnapi/wasi-threads@https://registry.npmjs.org/@emnapi/wasi-threads/-/wasi-threads-1.1.0.tgz 0ms (cache hit)
99 silly tarball no local data for @emnapi/core@https://registry.npmjs.org/@emnapi/core/-/core-1.8.1.tgz. Extracting by manifest.
100 silly tarball no local data for @emnapi/runtime@https://registry.npmjs.org/@emnapi/runtime/-/runtime-1.8.1.tgz. Extracting by manifest.
101 silly tarball no local data for @emnapi/wasi-threads@https://registry.npmjs.org/@emnapi/wasi-threads/-/wasi-threads-1.1.0.tgz. Extracting by manifest.
102 http fetch GET 200 https://registry.npmjs.org/bcryptjs/-/bcryptjs-3.0.3.tgz 227ms (cache miss)
103 http fetch GET 200 https://registry.npmjs.org/@emnapi/wasi-threads/-/wasi-threads-1.1.0.tgz 234ms (cache miss)
104 http fetch GET 200 https://registry.npmjs.org/@emnapi/runtime/-/runtime-1.8.1.tgz 252ms (cache miss)
105 http fetch GET 200 https://registry.npmjs.org/@emnapi/core/-/core-1.8.1.tgz 287ms (cache miss)
106 http fetch GET 200 https://registry.npmjs.org/@tybys/wasm-util/-/wasm-util-0.10.1.tgz 306ms (cache miss)
107 http fetch GET 200 https://registry.npmjs.org/@napi-rs/wasm-runtime/-/wasm-runtime-0.2.12.tgz 417ms (cache miss)
108 silly ADD node_modules/bcryptjs
109 silly ADD
110 silly ADD
111 silly ADD
112 silly ADD
113 silly ADD
114 silly ADD
115 silly ADD
116 silly ADD
117 silly ADD
118 silly ADD
119 silly ADD
120 silly ADD
121 silly ADD
122 silly ADD
123 silly ADD
124 silly ADD
125 silly ADD
126 silly ADD
127 silly ADD
128 silly ADD
129 silly ADD
130 silly ADD
131 silly ADD
132 silly ADD
133 silly ADD
134 silly ADD
135 silly ADD
136 silly ADD
137 silly ADD
138 silly ADD
139 silly ADD
140 silly ADD
141 verbose cwd C:\repo\Food_Bridge\FoodBridge
142 verbose os Windows_NT 10.0.26200
143 verbose node v22.19.0
144 verbose npm  v10.9.3
145 verbose exit 0
146 info ok
